<?xml version="1.0" encoding="UTF-8"?>
<testng-results skipped="0" failed="0" ignored="0" total="1" passed="1">
  <reporter-output>
  </reporter-output>
  <suite name="Default suite" duration-ms="59391" started-at="2018-10-08T17:51:56Z" finished-at="2018-10-08T17:52:56Z">
    <groups>
    </groups>
    <test name="Default test" duration-ms="59391" started-at="2018-10-08T17:51:56Z" finished-at="2018-10-08T17:52:56Z">
      <class name="com.xap.pom.Login">
        <test-method status="PASS" signature="beforeclass()[pri:0, instance:com.xap.pom.Login@604ed9f0]" name="beforeclass" is-config="true" duration-ms="59094" started-at="2018-10-08T17:51:56Z" finished-at="2018-10-08T17:52:55Z">
          <reporter-output>
          </reporter-output>
        </test-method> <!-- beforeclass -->
        <test-method status="PASS" signature="test()[pri:0, instance:com.xap.pom.Login@604ed9f0]" name="test" duration-ms="264" started-at="2018-10-08T17:52:55Z" finished-at="2018-10-08T17:52:56Z">
          <reporter-output>
          </reporter-output>
        </test-method> <!-- test -->
      </class> <!-- com.xap.pom.Login -->
    </test> <!-- Default test -->
  </suite> <!-- Default suite -->
</testng-results>
